<?xml version="1.0" encoding="UTF-8"?>
<testng-results skipped="0" failed="0" ignored="0" total="1" passed="1">
  <reporter-output>
  </reporter-output>
  <suite name="Default suite" duration-ms="12025" started-at="2018-06-17T07:33:22Z" finished-at="2018-06-17T07:33:34Z">
    <groups>
    </groups>
    <test name="Default test" duration-ms="12025" started-at="2018-06-17T07:33:22Z" finished-at="2018-06-17T07:33:34Z">
      <class name="testScript.TS_003">
        <test-method status="PASS" signature="testScript()[pri:0, instance:testScript.TS_003@cb51256]" name="testScript" duration-ms="11972" started-at="2018-06-17T07:33:22Z" finished-at="2018-06-17T07:33:34Z">
          <reporter-output>
          </reporter-output>
        </test-method> <!-- testScript -->
      </class> <!-- testScript.TS_003 -->
    </test> <!-- Default test -->
  </suite> <!-- Default suite -->
</testng-results>
